
Initial statistics: 1 variables; iteration 0; function evaluation 0; phase 1
Function value 2.4022554e+09; maximum gradient component mag 1.4299e+11
Var    Value     Gradient |Var    Value     Gradient |Var    Value     Gradient
  1 -0.50231  1.42991e+11 |
  ic > imax  in fminim is answer attained ?
Var    Value     Gradient |Var    Value     Gradient |Var    Value     Gradient
  1 -0.50231 -6.22999e+05 |
Function minimizer not making progress ... is minimum attained?
Minimprove criterion = 0.0000e+00

 - final statistics:
1 variables; iteration 5; function evaluation 35
Function value 2.4023e+09; maximum gradient component mag -6.2300e+05
Exit code = 1;  converg criter 1.0000e+01
Var    Value     Gradient |Var    Value     Gradient |Var    Value     Gradient
  1 -0.50231 -6.22999e+05 |

Initial statistics: 3 variables; iteration 0; function evaluation 0; phase 2
Function value 2.4022554e+09; maximum gradient component mag 1.0128e+11
Var    Value     Gradient |Var    Value     Gradient |Var    Value     Gradient
  1 -0.87897  9.07943e+10 |  2 -0.87897  1.01277e+11 |  3 -0.50231 -6.22999e+05
  ic > imax  in fminim is answer attained ?
Var    Value     Gradient |Var    Value     Gradient |Var    Value     Gradient
  1 -0.89581 -5.94508e-03 |  2 -0.88804 -4.09346e-03 |  3 -0.50231 -4.91460e+05
Function minimizer not making progress ... is minimum attained?
Minimprove criterion = 0.0000e+00
Warning: the following parameters had issues
  MGparm[22] is within 1% of lower bound: 1.0000e-01 < 7.6744e-01 < 1.0000e+02
  MGparm[23] is within 1% of lower bound: 1.0000e-01 < 8.7047e-01 < 1.0000e+02


 - final statistics:
3 variables; iteration 13; function evaluation 62
Function value -2.3021e+01; maximum gradient component mag -4.9146e+05
Exit code = 1;  converg criter 1.0000e-04
Var    Value     Gradient |Var    Value     Gradient |Var    Value     Gradient
  1 -0.89581 -5.94508e-03 |  2 -0.88804 -4.09346e-03 |  3 -0.50231 -4.91460e+05
size of file gradfil1.tmp = 0
size of file gradfil2.tmp = 0
size of file varssave.tmp = 0
size of file cmpdiff.tmp = 0
