
Initial statistics: 1 variables; iteration 0; function evaluation 0; phase 1
Function value 1.2462080e+08; maximum gradient component mag 2.2141e+10
Var    Value     Gradient |Var    Value     Gradient |Var    Value     Gradient
  1 -0.50231  2.21411e+10 |
  ic > imax  in fminim is answer attained ?
Var    Value     Gradient |Var    Value     Gradient |Var    Value     Gradient
  1 -0.50231 -1.55131e+05 |
Function minimizer not making progress ... is minimum attained?
Minimprove criterion = 0.0000e+00

 - final statistics:
1 variables; iteration 3; function evaluation 32
Function value 1.2462e+08; maximum gradient component mag -1.5513e+05
Exit code = 1;  converg criter 1.0000e+01
Var    Value     Gradient |Var    Value     Gradient |Var    Value     Gradient
  1 -0.50231 -1.55131e+05 |

Initial statistics: 3 variables; iteration 0; function evaluation 0; phase 2
Function value 1.2462080e+08; maximum gradient component mag 1.7229e+10
Var    Value     Gradient |Var    Value     Gradient |Var    Value     Gradient
  1 -0.87897  1.24557e+10 |  2 -0.87897  1.72295e+10 |  3 -0.50231  2.30217e+06
  ic > imax  in fminim is answer attained ?
Var    Value     Gradient |Var    Value     Gradient |Var    Value     Gradient
  1 -0.85309 -1.34806e-02 |  2 -0.90058 -5.23801e-02 |  3 -0.50231 -4.91460e+05
Function minimizer not making progress ... is minimum attained?
Minimprove criterion = 0.0000e+00
Warning: the following parameters had issues
  MGparm[23] is within 1% of lower bound: 1.0000e-01 < 7.0782e-01 < 1.0000e+02


 - final statistics:
3 variables; iteration 9; function evaluation 56
Function value -2.3021e+01; maximum gradient component mag -4.9146e+05
Exit code = 1;  converg criter 1.0000e-04
Var    Value     Gradient |Var    Value     Gradient |Var    Value     Gradient
  1 -0.85309 -1.34806e-02 |  2 -0.90058 -5.23801e-02 |  3 -0.50231 -4.91460e+05
size of file gradfil1.tmp = 0
size of file gradfil2.tmp = 0
size of file varssave.tmp = 0
size of file cmpdiff.tmp = 0
