
Initial statistics: 1 variables; iteration 0; function evaluation 0; phase 1
Function value 8.0943954e+08; maximum gradient component mag -1.7609e+11
Var    Value     Gradient |Var    Value     Gradient |Var    Value     Gradient
  1 -0.50231 -1.76086e+11 |
  ic > imax  in fminim is answer attained ?
Var    Value     Gradient |Var    Value     Gradient |Var    Value     Gradient
  1 -0.50231  1.22783e+05 |
Function minimizer not making progress ... is minimum attained?
Minimprove criterion = 0.0000e+00

 - final statistics:
1 variables; iteration 3; function evaluation 34
Function value 8.0944e+08; maximum gradient component mag 1.2278e+05
Exit code = 1;  converg criter 1.0000e+01
Var    Value     Gradient |Var    Value     Gradient |Var    Value     Gradient
  1 -0.50231  1.22783e+05 |

Initial statistics: 3 variables; iteration 0; function evaluation 0; phase 2
Function value 8.0943954e+08; maximum gradient component mag -1.2875e+11
Var    Value     Gradient |Var    Value     Gradient |Var    Value     Gradient
  1 -0.87897 -1.28746e+11 |  2 -0.87897 -1.08369e+11 |  3 -0.50231  1.59716e+06
  ic > imax  in fminim is answer attained ?
Var    Value     Gradient |Var    Value     Gradient |Var    Value     Gradient
  1 -0.87266  1.76989e-03 |  2 -0.86418  1.40098e-03 |  3 -0.50231 -4.91460e+05
Function minimizer not making progress ... is minimum attained?
Minimprove criterion = 0.0000e+00
Warning: the following parameters had issues
  MGparm[22] is within 1% of lower bound: 1.0000e-01 < 1.0959e+00 < 1.0000e+02


 - final statistics:
3 variables; iteration 14; function evaluation 56
Function value -2.3021e+01; maximum gradient component mag -4.9146e+05
Exit code = 1;  converg criter 1.0000e-04
Var    Value     Gradient |Var    Value     Gradient |Var    Value     Gradient
  1 -0.87266  1.76989e-03 |  2 -0.86418  1.40098e-03 |  3 -0.50231 -4.91460e+05
size of file gradfil1.tmp = 0
size of file gradfil2.tmp = 0
size of file varssave.tmp = 0
size of file cmpdiff.tmp = 0
